  ECSAdmin.cpp
  Main.cpp
C:\Users\william.arnback\source\repos\ECS Development\ECS Development\SSet.h(50,1): error C2446: '>=': no conversion from 'int' to 'const T'
          with
          [
              T=void *
          ]
C:\Users\william.arnback\source\repos\ECS Development\ECS Development\SSet.h(50,17): message : Conversion from integral type to pointer type requires reinterpret_cast, C-style cast or function-style cast
C:\Users\william.arnback\source\repos\ECS Development\ECS Development\SSet.h(47): message : while compiling class template member function 'void CommonUtilities::SSet<void *>::Insert(const T &)'
          with
          [
              T=void *
          ]
C:\Users\william.arnback\source\repos\ECS Development\ECS Development\ECSAdmin.h(47): message : see reference to function template instantiation 'void CommonUtilities::SSet<void *>::Insert(const T &)' being compiled
          with
          [
              T=void *
          ]
C:\Program Files (x86)\Microsoft Visual Studio\2019\Community\VC\Tools\MSVC\14.29.30133\include\utility(332): message : see reference to class template instantiation 'CommonUtilities::SSet<void *>' being compiled
C:\Program Files (x86)\Microsoft Visual Studio\2019\Community\VC\Tools\MSVC\14.29.30133\include\xtree(336): message : see reference to class template instantiation 'std::pair<const std::type_index,CommonUtilities::SSet<void *>>' being compiled
C:\Program Files (x86)\Microsoft Visual Studio\2019\Community\VC\Tools\MSVC\14.29.30133\include\xtree(1925): message : see reference to class template instantiation 'std::_Tree_node<std::pair<const std::type_index,CommonUtilities::SSet<void *>>,std::_Default_allocator_traits<_Alloc>::void_pointer>' being compiled
          with
          [
              _Alloc=std::allocator<std::pair<const std::type_index,CommonUtilities::SSet<void *>>>
          ]
C:\Program Files (x86)\Microsoft Visual Studio\2019\Community\VC\Tools\MSVC\14.29.30133\include\xtree(1921): message : while compiling class template member function 'void std::_Tree<std::_Tmap_traits<_Kty,_Ty,_Pr,_Alloc,false>>::_Alloc_sentinel_and_proxy(void)'
          with
          [
              _Kty=std::type_index,
              _Ty=CommonUtilities::SSet<void *>,
              _Pr=std::less<std::type_index>,
              _Alloc=std::allocator<std::pair<const std::type_index,CommonUtilities::SSet<void *>>>
          ]
C:\Program Files (x86)\Microsoft Visual Studio\2019\Community\VC\Tools\MSVC\14.29.30133\include\xtree(892): message : see reference to function template instantiation 'void std::_Tree<std::_Tmap_traits<_Kty,_Ty,_Pr,_Alloc,false>>::_Alloc_sentinel_and_proxy(void)' being compiled
          with
          [
              _Kty=std::type_index,
              _Ty=CommonUtilities::SSet<void *>,
              _Pr=std::less<std::type_index>,
              _Alloc=std::allocator<std::pair<const std::type_index,CommonUtilities::SSet<void *>>>
          ]
C:\Program Files (x86)\Microsoft Visual Studio\2019\Community\VC\Tools\MSVC\14.29.30133\include\map(75): message : see reference to class template instantiation 'std::_Tree<std::_Tmap_traits<_Kty,_Ty,_Pr,_Alloc,false>>' being compiled
          with
          [
              _Kty=std::type_index,
              _Ty=CommonUtilities::SSet<void *>,
              _Pr=std::less<std::type_index>,
              _Alloc=std::allocator<std::pair<const std::type_index,CommonUtilities::SSet<void *>>>
          ]
C:\Users\william.arnback\source\repos\ECS Development\ECS Development\ECSAdmin.h(32): message : see reference to class template instantiation 'std::map<std::type_index,CommonUtilities::SSet<void *>,std::less<std::type_index>,std::allocator<std::pair<const std::type_index,CommonUtilities::SSet<void *>>>>' being compiled
C:\Users\william.arnback\source\repos\ECS Development\ECS Development\SSet.h(52,1): error C2036: 'const T': unknown size
          with
          [
              T=void *
          ]
C:\Users\william.arnback\source\repos\ECS Development\ECS Development\SSet.h(52,6): error C3861: 'reserve': identifier not found
C:\Users\william.arnback\source\repos\ECS Development\ECS Development\SSet.h(52,6): message : 'reserve': function was not declared in the template definition context and can be found only via argument-dependent lookup in the instantiation context
C:\Users\william.arnback\source\repos\ECS Development\ECS Development\SSet.h(56,1): error C2679: binary '[': no operator found which takes a right-hand operand of type 'const T' (or there is no acceptable conversion)
          with
          [
              T=void *
          ]
C:\Program Files (x86)\Microsoft Visual Studio\2019\Community\VC\Tools\MSVC\14.29.30133\include\vector(1572,50): message : could be 'const _Ty &std::vector<_Ty,std::allocator<_Ty>>::operator [](const unsigned int) noexcept const'
          with
          [
              _Ty=void *
          ]
C:\Program Files (x86)\Microsoft Visual Studio\2019\Community\VC\Tools\MSVC\14.29.30133\include\vector(1562,44): message : or       '_Ty &std::vector<_Ty,std::allocator<_Ty>>::operator [](const unsigned int) noexcept'
          with
          [
              _Ty=void *
          ]
C:\Users\william.arnback\source\repos\ECS Development\ECS Development\SSet.h(56,1): message : while trying to match the argument list '(std::vector<T,std::allocator<T>>, const T)'
          with
          [
              T=void *
          ]
  Generating Code...
